[0.430s] Invoking command in '/home/dark_knight/ros2_ws/my_robot_controller': PYTHONPATH=/home/dark_knight/ros2_ws/build/my_robot_controller/prefix_override:/home/dark_knight/ros2_ws/install/my_robot_controller/lib/python3.10/site-packages:${PYTHONPATH} /usr/bin/python3 setup.py egg_info --egg-base ../build/my_robot_controller build --build-base /home/dark_knight/ros2_ws/build/my_robot_controller/build install --record /home/dark_knight/ros2_ws/build/my_robot_controller/install.log --single-version-externally-managed
[0.585s] running egg_info
[0.586s] creating ../build/my_robot_controller/my_robot_controller.egg-info
[0.586s] writing ../build/my_robot_controller/my_robot_controller.egg-info/PKG-INFO
[0.586s] writing dependency_links to ../build/my_robot_controller/my_robot_controller.egg-info/dependency_links.txt
[0.586s] writing entry points to ../build/my_robot_controller/my_robot_controller.egg-info/entry_points.txt
[0.586s] writing requirements to ../build/my_robot_controller/my_robot_controller.egg-info/requires.txt
[0.586s] writing top-level names to ../build/my_robot_controller/my_robot_controller.egg-info/top_level.txt
[0.587s] writing manifest file '../build/my_robot_controller/my_robot_controller.egg-info/SOURCES.txt'
[0.588s] reading manifest file '../build/my_robot_controller/my_robot_controller.egg-info/SOURCES.txt'
[0.588s] writing manifest file '../build/my_robot_controller/my_robot_controller.egg-info/SOURCES.txt'
[0.588s] running build
[0.588s] running build_py
[0.588s] creating /home/dark_knight/ros2_ws/build/my_robot_controller/build
[0.588s] creating /home/dark_knight/ros2_ws/build/my_robot_controller/build/lib
[0.588s] creating /home/dark_knight/ros2_ws/build/my_robot_controller/build/lib/my_robot_controller
[0.589s] copying my_robot_controller/__init__.py -> /home/dark_knight/ros2_ws/build/my_robot_controller/build/lib/my_robot_controller
[0.589s] running install
[0.593s] /usr/lib/python3/dist-packages/setuptools/command/install.py:34: SetuptoolsDeprecationWarning: setup.py install is deprecated. Use build and pip and other standards-based tools.
[0.593s]   warnings.warn(
[0.594s] running install_lib
[0.594s] creating /home/dark_knight/ros2_ws/install/my_robot_controller/lib/python3.10/site-packages/my_robot_controller
[0.594s] copying /home/dark_knight/ros2_ws/build/my_robot_controller/build/lib/my_robot_controller/__init__.py -> /home/dark_knight/ros2_ws/install/my_robot_controller/lib/python3.10/site-packages/my_robot_controller
[0.594s] byte-compiling /home/dark_knight/ros2_ws/install/my_robot_controller/lib/python3.10/site-packages/my_robot_controller/__init__.py to __init__.cpython-310.pyc
[0.595s] running install_data
[0.595s] creating /home/dark_knight/ros2_ws/install/my_robot_controller/share/ament_index
[0.595s] creating /home/dark_knight/ros2_ws/install/my_robot_controller/share/ament_index/resource_index
[0.595s] creating /home/dark_knight/ros2_ws/install/my_robot_controller/share/ament_index/resource_index/packages
[0.595s] copying resource/my_robot_controller -> /home/dark_knight/ros2_ws/install/my_robot_controller/share/ament_index/resource_index/packages
[0.595s] copying package.xml -> /home/dark_knight/ros2_ws/install/my_robot_controller/share/my_robot_controller
[0.595s] running install_egg_info
[0.596s] Copying ../build/my_robot_controller/my_robot_controller.egg-info to /home/dark_knight/ros2_ws/install/my_robot_controller/lib/python3.10/site-packages/my_robot_controller-0.0.0-py3.10.egg-info
[0.597s] running install_scripts
[0.611s] writing list of installed files to '/home/dark_knight/ros2_ws/build/my_robot_controller/install.log'
[0.627s] Invoked command in '/home/dark_knight/ros2_ws/my_robot_controller' returned '0': PYTHONPATH=/home/dark_knight/ros2_ws/build/my_robot_controller/prefix_override:/home/dark_knight/ros2_ws/install/my_robot_controller/lib/python3.10/site-packages:${PYTHONPATH} /usr/bin/python3 setup.py egg_info --egg-base ../build/my_robot_controller build --build-base /home/dark_knight/ros2_ws/build/my_robot_controller/build install --record /home/dark_knight/ros2_ws/build/my_robot_controller/install.log --single-version-externally-managed
