[0.463s] Invoking command in '/home/dark_knight/ros2_ws/my_robot_controller': PYTHONPATH=/home/dark_knight/ros2_ws/build/my_robot_controller/prefix_override:/home/dark_knight/ros2_ws/install/my_robot_controller/lib/python3.10/site-packages:${PYTHONPATH} /usr/bin/python3 setup.py egg_info --egg-base ../build/my_robot_controller build --build-base /home/dark_knight/ros2_ws/build/my_robot_controller/build install --record /home/dark_knight/ros2_ws/build/my_robot_controller/install.log --single-version-externally-managed
[0.647s] running egg_info
[0.648s] writing ../build/my_robot_controller/my_robot_controller.egg-info/PKG-INFO
[0.648s] writing dependency_links to ../build/my_robot_controller/my_robot_controller.egg-info/dependency_links.txt
[0.648s] writing entry points to ../build/my_robot_controller/my_robot_controller.egg-info/entry_points.txt
[0.648s] writing requirements to ../build/my_robot_controller/my_robot_controller.egg-info/requires.txt
[0.648s] writing top-level names to ../build/my_robot_controller/my_robot_controller.egg-info/top_level.txt
[0.649s] reading manifest file '../build/my_robot_controller/my_robot_controller.egg-info/SOURCES.txt'
[0.654s] writing manifest file '../build/my_robot_controller/my_robot_controller.egg-info/SOURCES.txt'
[0.654s] running build
[0.654s] running build_py
[0.654s] running install
[0.654s] running install_lib
[0.655s] running install_data
[0.655s] running install_egg_info
[0.656s] removing '/home/dark_knight/ros2_ws/install/my_robot_controller/lib/python3.10/site-packages/my_robot_controller-0.0.0-py3.10.egg-info' (and everything under it)
[0.656s] Copying ../build/my_robot_controller/my_robot_controller.egg-info to /home/dark_knight/ros2_ws/install/my_robot_controller/lib/python3.10/site-packages/my_robot_controller-0.0.0-py3.10.egg-info
[0.657s] running install_scripts
[0.670s] writing list of installed files to '/home/dark_knight/ros2_ws/build/my_robot_controller/install.log'
[0.688s] Invoked command in '/home/dark_knight/ros2_ws/my_robot_controller' returned '0': PYTHONPATH=/home/dark_knight/ros2_ws/build/my_robot_controller/prefix_override:/home/dark_knight/ros2_ws/install/my_robot_controller/lib/python3.10/site-packages:${PYTHONPATH} /usr/bin/python3 setup.py egg_info --egg-base ../build/my_robot_controller build --build-base /home/dark_knight/ros2_ws/build/my_robot_controller/build install --record /home/dark_knight/ros2_ws/build/my_robot_controller/install.log --single-version-externally-managed
