[0.428s] Invoking command in '/home/dark_knight/ros2_ws/my_robot_controller': PYTHONPATH=/home/dark_knight/ros2_ws/build/my_robot_controller/prefix_override:/home/dark_knight/ros2_ws/install/my_robot_controller/lib/python3.10/site-packages:${PYTHONPATH} /usr/bin/python3 setup.py egg_info --egg-base ../build/my_robot_controller build --build-base /home/dark_knight/ros2_ws/build/my_robot_controller/build install --record /home/dark_knight/ros2_ws/build/my_robot_controller/install.log --single-version-externally-managed
[0.600s] running egg_info
[0.601s] writing ../build/my_robot_controller/my_robot_controller.egg-info/PKG-INFO
[0.601s] writing dependency_links to ../build/my_robot_controller/my_robot_controller.egg-info/dependency_links.txt
[0.601s] writing entry points to ../build/my_robot_controller/my_robot_controller.egg-info/entry_points.txt
[0.601s] writing requirements to ../build/my_robot_controller/my_robot_controller.egg-info/requires.txt
[0.601s] writing top-level names to ../build/my_robot_controller/my_robot_controller.egg-info/top_level.txt
[0.602s] reading manifest file '../build/my_robot_controller/my_robot_controller.egg-info/SOURCES.txt'
[0.603s] writing manifest file '../build/my_robot_controller/my_robot_controller.egg-info/SOURCES.txt'
[0.603s] running build
[0.603s] running build_py
[0.603s] copying my_robot_controller/my_first_node.py -> /home/dark_knight/ros2_ws/build/my_robot_controller/build/lib/my_robot_controller
[0.603s] running install
[0.603s] running install_lib
[0.604s] copying /home/dark_knight/ros2_ws/build/my_robot_controller/build/lib/my_robot_controller/my_first_node.py -> /home/dark_knight/ros2_ws/install/my_robot_controller/lib/python3.10/site-packages/my_robot_controller
[0.604s] byte-compiling /home/dark_knight/ros2_ws/install/my_robot_controller/lib/python3.10/site-packages/my_robot_controller/my_first_node.py to my_first_node.cpython-310.pyc
[0.604s] running install_data
[0.604s] running install_egg_info
[0.605s] removing '/home/dark_knight/ros2_ws/install/my_robot_controller/lib/python3.10/site-packages/my_robot_controller-0.0.0-py3.10.egg-info' (and everything under it)
[0.606s] Copying ../build/my_robot_controller/my_robot_controller.egg-info to /home/dark_knight/ros2_ws/install/my_robot_controller/lib/python3.10/site-packages/my_robot_controller-0.0.0-py3.10.egg-info
[0.606s] running install_scripts
[0.618s] Installing test_node script to /home/dark_knight/ros2_ws/install/my_robot_controller/lib/my_robot_controller
[0.619s] writing list of installed files to '/home/dark_knight/ros2_ws/build/my_robot_controller/install.log'
[0.636s] Invoked command in '/home/dark_knight/ros2_ws/my_robot_controller' returned '0': PYTHONPATH=/home/dark_knight/ros2_ws/build/my_robot_controller/prefix_override:/home/dark_knight/ros2_ws/install/my_robot_controller/lib/python3.10/site-packages:${PYTHONPATH} /usr/bin/python3 setup.py egg_info --egg-base ../build/my_robot_controller build --build-base /home/dark_knight/ros2_ws/build/my_robot_controller/build install --record /home/dark_knight/ros2_ws/build/my_robot_controller/install.log --single-version-externally-managed
